#Starting parameters
Starting time: 2011-10-20T03:37:28.000
Starting longitude: 120.00
Width: 360.00
Velocity:  800.00
------------------------------
planet:1
distance:  0.466
hit:1
eta:2011-10-20T21:35:41.151
------------------------------
planet:2
distance:  0.725
hit:1
eta:2011/10/21 17:03: 3.505
------------------------------
planet:3
distance:  0.996
hit:1
eta:2011/10/22 07:04: 2.196
------------------------------
planet:4
distance:  1.600
hit:1
eta:2011-10-23T18:15:49.283
------------------------------
planet:5
distance:  4.965
hit:1
eta:2011-10-31T18:56:52.480
------------------------------
planet:6
distance:  9.669
hit:1
eta:2011-11-09T03:32:53.530
------------------------------
planet:7
distance: 20.076
hit:1
eta:2011-11-29T00:06:50.783
------------------------------
planet:8
distance: 30.001
hit:1
eta:2011-12-24T12:14:17.172
------------------------------
planet:9
distance: 32.117
hit:1
eta:2012-01-04T12:44:42.883
